<?xml version="1.0" encoding="UTF-8"?>
<testsuite xmlns:xsi="http://www.w3.org/2001/XMLSchema-instance" xsi:noNamespaceSchemaLocation="https://maven.apache.org/surefire/maven-surefire-plugin/xsd/surefire-test-report.xsd" name="com.swnat.processes.InterviewWorkflowIntegrationTest" time="20.586" tests="1" errors="0" skipped="0" failures="0">
  <properties>
[...]
</properties>
  <testcase name="interviewIntegrationTest" classname="com.swnat.processes.InterviewWorkflowIntegrationTest" time="2.526"/>
</testsuite>